[2026-06-16T20:22:28.548+08:00] adapter chat completion params: {"config":{"temperature":0,"thinking":{"type":"disabled"}}}
[2026-06-16T20:22:28.548+08:00] sending request to doubao-seed-2.0-pro
[2026-06-16T20:22:34.131+08:00] response reasoning content: 
[2026-06-16T20:22:34.131+08:00] response content: <thought>用户要求在手机号/账号输入框中输入13777777777。首先观察当前截图，我能看到登录界面中有一个显示"username, Email or phone"的输入框，这就是用户指定的账号/手机号输入框。第一步需要先点击激活这个输入框，然后才能输入指定的手机号码。</thought>
<log>点击激活账号/手机号输入框</log>
<action-type>Tap</action-type>
<action-param-json>
{
  "locate": {
    "prompt": "手机号/账号输入框",
    "bbox": [671, 395, 896, 420]
  }
}
</action-param-json>
[2026-06-16T20:22:34.889+08:00] adapter chat completion params: {"config":{"temperature":0,"thinking":{"type":"disabled"}}}
[2026-06-16T20:22:34.889+08:00] sending request to doubao-seed-2.0-pro
[2026-06-16T20:22:38.494+08:00] response reasoning content: 
[2026-06-16T20:22:38.494+08:00] response content: <log>输入手机号13777777777</log>
<action-type>Input</action-type>
<action-param-json>
{
  "value": "13777777777",
  "locate": {
    "prompt": "手机号/账号输入框",
    "bbox": [671, 395, 896, 420]
  }
}
</action-param-json>
[2026-06-16T20:22:39.981+08:00] adapter chat completion params: {"config":{"temperature":0,"thinking":{"type":"disabled"}}}
[2026-06-16T20:22:39.981+08:00] sending request to doubao-seed-2.0-pro
[2026-06-16T20:22:44.180+08:00] response reasoning content: 
[2026-06-16T20:22:44.180+08:00] response content: <thought>从当前截图可以看到，手机号/账号输入框中已经成功输入了13777777777，显示内容为"137777777777"。用户的指令是在该输入框中输入指定号码，这个任务已经完成了，不需要进行其他操作。</thought>
<complete success="true">已在手机号/账号输入框中输入13777777777</complete>
[2026-06-16T20:22:44.328+08:00] adapter chat completion params: {"config":{"temperature":0,"thinking":{"type":"disabled"}}}
[2026-06-16T20:22:44.328+08:00] sending request to doubao-seed-2.0-pro
[2026-06-16T20:24:02.537+08:00] adapter chat completion params: {"config":{"temperature":0,"thinking":{"type":"disabled"}}}
[2026-06-16T20:24:02.537+08:00] sending request to doubao-seed-2.0-pro
[2026-06-16T20:24:09.064+08:00] response reasoning content: 
[2026-06-16T20:24:09.064+08:00] response content: <thought>用户需要我在手机号/账号输入框中输入13777777777。从截图中可以看到登录界面，第一个输入框的提示文字是"username, Email or phone"，这就是手机号/账号输入框。我需要先点击这个输入框来激活它，然后输入指定的手机号。</thought>
<log>先点击激活手机号/账号输入框</log>
<action-type>Tap</action-type>
<action-param-json>
{
  "locate": {
    "prompt": "username, Email or phone 输入框",
    "bbox": [650, 390, 896, 420]
  }
}
</action-param-json>
[2026-06-16T20:24:09.828+08:00] adapter chat completion params: {"config":{"temperature":0,"thinking":{"type":"disabled"}}}
[2026-06-16T20:24:09.828+08:00] sending request to doubao-seed-2.0-pro
[2026-06-16T20:24:14.365+08:00] response reasoning content: 
[2026-06-16T20:24:14.365+08:00] response content: <thought>输入框已经被激活，现在需要输入指定的手机号 13777777777</thought>
<log>在激活的输入框中输入手机号 13777777777</log>
<action-type>Input</action-type>
<action-param-json>
{
  "value": "13777777777",
  "locate": {
    "prompt": "username, Email or phone 输入框",
    "bbox": [650, 390, 896, 420]
  }
}
</action-param-json>
[2026-06-16T20:24:15.806+08:00] adapter chat completion params: {"config":{"temperature":0,"thinking":{"type":"disabled"}}}
[2026-06-16T20:24:15.806+08:00] sending request to doubao-seed-2.0-pro
[2026-06-16T20:24:18.585+08:00] response reasoning content: 
[2026-06-16T20:24:18.585+08:00] response content: <thought>从截图可以看到，手机号/账号输入框中已经成功输入了"13777777777"，用户的指令要求已经完成。</thought>
<complete success="true">已在手机号/账号输入框中输入 13777777777</complete>
[2026-06-16T20:24:18.736+08:00] adapter chat completion params: {"config":{"temperature":0,"thinking":{"type":"disabled"}}}
[2026-06-16T20:24:18.737+08:00] sending request to doubao-seed-2.0-pro
[2026-06-16T20:34:17.256+08:00] adapter chat completion params: {"config":{"temperature":0,"thinking":{"type":"disabled"}}}
[2026-06-16T20:34:17.256+08:00] sending request to doubao-seed-2.0-pro
[2026-06-16T20:34:20.003+08:00] response reasoning content: 
[2026-06-16T20:34:20.003+08:00] response content: <thought>根据当前截图，页面显示的是404错误页面，有“返回首页”按钮，说明当前并未跳转到商城首页，因此该陈述为假。</thought>
<data-json>
{
  "StatementIsTruthy": false
}
</data-json>
[2026-06-16T20:34:20.146+08:00] adapter chat completion params: {"config":{"temperature":0,"thinking":{"type":"disabled"}}}
[2026-06-16T20:34:20.146+08:00] sending request to doubao-seed-2.0-pro
[2026-06-16T20:34:22.748+08:00] response reasoning content: 
[2026-06-16T20:34:22.748+08:00] response content: <thought>根据当前截图显示，这是一个404页面，提示页面走丢了，下方只有返回首页按钮，并没有跳转到商城首页，所以该陈述为假。</thought>
<data-json>
{
  "StatementIsTruthy": false
}
</data-json>
[2026-06-16T20:50:49.187+08:00] adapter chat completion params: {"config":{"temperature":0,"thinking":{"type":"disabled"}}}
[2026-06-16T20:50:49.187+08:00] sending request to doubao-seed-2.0-pro
[2026-06-16T20:51:01.792+08:00] response reasoning content: 
[2026-06-16T20:51:01.792+08:00] response content: <thought>根据当前截图，页面仅显示加载动画（三个粉色圆点），没有任何商城首页的相关内容，因此页面未跳转到商城首页，该陈述为假。</thought>
<data-json>
{
  "StatementIsTruthy": false
}
</data-json>
[2026-06-16T20:51:01.937+08:00] adapter chat completion params: {"config":{"temperature":0,"thinking":{"type":"disabled"}}}
[2026-06-16T20:51:01.937+08:00] sending request to doubao-seed-2.0-pro
[2026-06-16T20:51:05.270+08:00] response reasoning content: 
[2026-06-16T20:51:05.270+08:00] response content: <thought>根据当前截图，页面顶部显示“首页”，用户个人信息区域显示“Hi, 杨景成!”，订单中心区域显示订单数量为0，这些都是控制台首页的特征，而非商城首页。此外，页面顶部有“返回商城”按钮，说明当前页面并非商城页面。因此，“页面已跳转到商城首页”这一陈述是错误的。</thought>
<data-json>
{
  "StatementIsTruthy": false
}
</data-json>
[2026-06-16T20:51:05.400+08:00] adapter chat completion params: {"config":{"temperature":0,"thinking":{"type":"disabled"}}}
[2026-06-16T20:51:05.400+08:00] sending request to doubao-seed-2.0-pro
[2026-06-16T20:51:08.550+08:00] response reasoning content: 
[2026-06-16T20:51:08.550+08:00] response content: <thought>根据当前截图，页面顶部显示“首页”，左上角导航栏也选中“首页”选项，但该页面是用户控制台首页，不是商城首页。因此“页面已跳转到商城首页”的陈述为假。</thought>
<data-json>
{
  "StatementIsTruthy": false
}
</data-json>
[2026-06-16T20:53:54.981+08:00] adapter chat completion params: {"config":{"temperature":0,"thinking":{"type":"disabled"}}}
[2026-06-16T20:53:54.981+08:00] sending request to doubao-seed-2.0-pro
[2026-06-16T20:53:59.297+08:00] response reasoning content: 
[2026-06-16T20:53:59.297+08:00] response content: <thought>当前截图仅显示加载图标，没有呈现商城首页的任何内容，因此“页面已跳转到商城首页”这个陈述是错误的。</thought>
<data-json>
{
  "StatementIsTruthy": false
}
</data-json>
[2026-06-16T20:53:59.432+08:00] adapter chat completion params: {"config":{"temperature":0,"thinking":{"type":"disabled"}}}
[2026-06-16T20:53:59.433+08:00] sending request to doubao-seed-2.0-pro
[2026-06-16T20:54:03.608+08:00] response reasoning content: 
[2026-06-16T20:54:03.608+08:00] response content: <thought>根据截图内容，页面左上角明确标注“首页”，且顶部导航有“返回商城”选项，说明当前页面是用户中心类的后台首页，并未跳转到商城首页，因此该陈述为假。</thought>
<data-json>
{
  "StatementIsTruthy": false
}
</data-json>
[2026-06-16T20:54:03.760+08:00] adapter chat completion params: {"config":{"temperature":0,"thinking":{"type":"disabled"}}}
[2026-06-16T20:54:03.760+08:00] sending request to doubao-seed-2.0-pro
[2026-06-16T20:54:07.833+08:00] response reasoning content: 
[2026-06-16T20:54:07.833+08:00] response content: <thought>根据当前截图，页面显示的是用户个人工作台首页，顶部有“返回商城”选项，说明当前未处于商城首页，因此“页面已跳转到商城首页”的陈述不成立。</thought>
<data-json>
{
  "StatementIsTruthy": false
}
</data-json>
[2026-06-16T20:54:07.970+08:00] adapter chat completion params: {"config":{"temperature":0,"thinking":{"type":"disabled"}}}
[2026-06-16T20:54:07.970+08:00] sending request to doubao-seed-2.0-pro
[2026-06-16T20:54:12.253+08:00] response reasoning content: 
[2026-06-16T20:54:12.253+08:00] response content: <thought>根据截图内容，页面左上角显示“首页”标题，当前呈现的是个人工作台类的控制台首页界面，并非商城首页，因此“页面已跳转到商城首页”的陈述为假。</thought>
<data-json>
{
  "StatementIsTruthy": false
}
</data-json>
[2026-06-16T20:54:12.374+08:00] adapter chat completion params: {"config":{"temperature":0,"thinking":{"type":"disabled"}}}
[2026-06-16T20:54:12.374+08:00] sending request to doubao-seed-2.0-pro
[2026-06-16T20:54:16.704+08:00] response reasoning content: 
[2026-06-16T20:54:16.704+08:00] response content: <thought>根据当前截图，页面顶部显示“首页”，右上角有“返回商城”按钮，当前页面为用户的管理控制台首页，并未跳转到商城首页，因此该陈述为false。</thought>
<data-json>
{
  "StatementIsTruthy": false
}
</data-json>
[2026-06-16T20:56:06.179+08:00] adapter chat completion params: {"config":{"temperature":0,"thinking":{"type":"disabled"}}}
[2026-06-16T20:56:06.179+08:00] sending request to doubao-seed-2.0-pro
[2026-06-16T20:56:13.574+08:00] response reasoning content: 
[2026-06-16T20:56:13.574+08:00] response content: <thought>根据当前截图，页面中间显示加载动画，并未跳转到商城首页，因此该陈述为假。</thought>
<data-json>
{
  "StatementIsTruthy": false
}
</data-json>
[2026-06-16T20:56:13.922+08:00] adapter chat completion params: {"config":{"temperature":0,"thinking":{"type":"disabled"}}}
[2026-06-16T20:56:13.922+08:00] sending request to doubao-seed-2.0-pro
[2026-06-16T20:56:17.047+08:00] response reasoning content: 
[2026-06-16T20:56:17.047+08:00] response content: <thought>根据当前截图，页面顶部显示“返回商城”，当前界面是个人客户的控制台首页，并非商城首页，因此“页面已跳转到商城首页”的陈述为假。</thought>
<data-json>
{
  "StatementIsTruthy": false
}
</data-json>
[2026-06-16T20:56:17.183+08:00] adapter chat completion params: {"config":{"temperature":0,"thinking":{"type":"disabled"}}}
[2026-06-16T20:56:17.183+08:00] sending request to doubao-seed-2.0-pro
[2026-06-16T20:56:19.899+08:00] response reasoning content: 
[2026-06-16T20:56:19.899+08:00] response content: <thought>根据当前截图，页面显示的是带有“Hi, 杨景成！”、订单中心等内容的用户后台首页，左上角明确标注“首页”，且存在“返回商城”选项，说明当前并非商城首页，而是用户个人控制台首页，因此该陈述为假。</thought>
<data-json>
{
  "StatementIsTruthy": false
}
</data-json>
[2026-06-16T20:56:20.816+08:00] adapter chat completion params: {"config":{"temperature":0,"thinking":{"type":"disabled"}}}
[2026-06-16T20:56:20.816+08:00] sending request to doubao-seed-2.0-pro
[2026-06-16T20:56:24.583+08:00] response reasoning content: 
[2026-06-16T20:56:24.583+08:00] response content: <thought>根据当前截图，页面顶部标题为“首页”，但左上角导航栏选中的是会员系统的“首页”，且页面右上角存在“返回商城”按钮，说明当前处于的是用户会员系统的首页，并未跳转到商城首页。因此该陈述为假。</thought>
<data-json>
{
  "StatementIsTruthy": false
}
</data-json>
[2026-06-16T20:57:52.438+08:00] adapter chat completion params: {"config":{"temperature":0,"thinking":{"type":"disabled"}}}
[2026-06-16T20:57:52.438+08:00] sending request to doubao-seed-2.0-pro
[2026-06-16T20:57:54.616+08:00] response reasoning content: 
[2026-06-16T20:57:54.616+08:00] response content: <thought>根据当前截图，页面仅显示加载指示器，没有任何商城首页的相关内容，因此“页面已跳转到商城首页”这一陈述不成立。</thought>
<data-json>
{
  "StatementIsTruthy": false
}
</data-json>
[2026-06-16T20:57:55.672+08:00] adapter chat completion params: {"config":{"temperature":0,"thinking":{"type":"disabled"}}}
[2026-06-16T20:57:55.672+08:00] sending request to doubao-seed-2.0-pro
[2026-06-16T20:57:59.682+08:00] response reasoning content: 
[2026-06-16T20:57:59.682+08:00] response content: <thought>根据当前截图，页面显示的是用户后台首页（包含自定义工作台、订单中心、最新公告等后台元素），并未跳转到商城首页，因此该陈述为假。</thought>
<data-json>
{
  "StatementIsTruthy": false
}
</data-json>
[2026-06-16T20:57:59.778+08:00] adapter chat completion params: {"config":{"temperature":0,"thinking":{"type":"disabled"}}}
[2026-06-16T20:57:59.778+08:00] sending request to doubao-seed-2.0-pro
[2026-06-16T20:58:03.876+08:00] response reasoning content: 
[2026-06-16T20:58:03.876+08:00] response content: <thought>根据当前截图内容，页面左侧导航栏高亮显示“首页”，页面主标题为“首页”，顶部导航栏存在“返回商城”按钮，说明当前页面是用户后台个人首页，并未跳转到商城首页，因此该陈述为false。</thought>
<data-json>
{
  "StatementIsTruthy": false
}
</data-json>
[2026-06-16T20:58:03.984+08:00] adapter chat completion params: {"config":{"temperature":0,"thinking":{"type":"disabled"}}}
[2026-06-16T20:58:03.984+08:00] sending request to doubao-seed-2.0-pro
[2026-06-16T20:58:06.461+08:00] response reasoning content: 
[2026-06-16T20:58:06.461+08:00] response content: <thought>根据当前页面，左上角显示“首页”，页面顶部也标注“首页”，但右上角存在“返回商城”按钮，说明当前页面是用户中心（控制台）首页，并非商城首页，因此该陈述为假。</thought>
<data-json>
{
  "StatementIsTruthy": false
}
</data-json>
[2026-06-16T20:58:07.562+08:00] adapter chat completion params: {"config":{"temperature":0,"thinking":{"type":"disabled"}}}
[2026-06-16T20:58:07.562+08:00] sending request to doubao-seed-2.0-pro
[2026-06-16T20:58:10.637+08:00] response reasoning content: 
[2026-06-16T20:58:10.637+08:00] response content: <thought>根据截图内容，页面左侧导航栏显示“首页”被选中，页面主体显示的是用户个人工作台首页，包含用户问候、订单中心等内容，没有显示商城首页的相关内容，因此该陈述为假。</thought>
<data-json>
{
  "StatementIsTruthy": false
}
</data-json>
[2026-06-16T20:58:25.660+08:00] adapter chat completion params: {"config":{"temperature":0,"thinking":{"type":"disabled"}}}
[2026-06-16T20:58:25.660+08:00] sending request to doubao-seed-2.0-pro
[2026-06-16T20:58:28.411+08:00] response reasoning content: 
[2026-06-16T20:58:28.411+08:00] response content: <thought>当前截图显示的是粤港澳大湾区枢纽韶关集群公共算力服务平台的登录页面，包含账号、密码输入框和登录按钮等登录相关元素，并未跳转到商城首页，因此该陈述为假。</thought>
<data-json>
{
  "StatementIsTruthy": false
}
</data-json>
[2026-06-16T20:58:28.573+08:00] adapter chat completion params: {"config":{"temperature":0,"thinking":{"type":"disabled"}}}
[2026-06-16T20:58:28.573+08:00] sending request to doubao-seed-2.0-pro
[2026-06-16T20:58:31.865+08:00] response reasoning content: 
[2026-06-16T20:58:31.865+08:00] response content: <thought>根据截图，页面左上角显示“首页”标题，右上角有“返回商城”按钮，说明当前处于系统个人工作台首页，并非商城首页，因此“页面已跳转到商城首页”的陈述为假。</thought>
<data-json>
{
  "StatementIsTruthy": false
}
</data-json>
[2026-06-16T20:58:31.996+08:00] adapter chat completion params: {"config":{"temperature":0,"thinking":{"type":"disabled"}}}
[2026-06-16T20:58:31.996+08:00] sending request to doubao-seed-2.0-pro
[2026-06-16T20:58:41.127+08:00] response reasoning content: 
[2026-06-16T20:58:41.127+08:00] response content: <thought>根据当前截图查看，页面顶部显示“首页”标题，左侧导航栏“首页”处于选中状态，且页面存在订单中心、会员等级等用户个人相关模块，并非面向所有访客的商城首页，页面顶部反而存在“返回商城”的导航选项，说明当前页面是用户个人控制台的首页，并未跳转到商城首页，因此该陈述为false。</thought>
<data-json>
{
  "StatementIsTruthy": false
}
</data-json>
[2026-06-16T20:58:41.261+08:00] adapter chat completion params: {"config":{"temperature":0,"thinking":{"type":"disabled"}}}
[2026-06-16T20:58:41.261+08:00] sending request to doubao-seed-2.0-pro
[2026-06-16T20:58:51.951+08:00] response reasoning content: 
[2026-06-16T20:58:51.951+08:00] response content: <thought>根据当前截图显示，页面顶部左侧导航栏的“首页”处于选中状态，页面内容为个人客户的用户首页（包含个人欢迎信息、订单中心等个人管理内容），并非商城首页，因此该陈述为false。</thought>
<data-json>
{
  "StatementIsTruthy": false
}
</data-json>
[2026-06-16T20:59:47.586+08:00] adapter chat completion params: {"config":{"temperature":0,"thinking":{"type":"disabled"}}}
[2026-06-16T20:59:47.586+08:00] sending request to doubao-seed-2.0-pro
[2026-06-16T20:59:50.440+08:00] response reasoning content: 
[2026-06-16T20:59:50.440+08:00] response content: <thought>根据当前截图，页面显示的是粤港澳大湾区枢纽韶关集群公共算力服务平台的登录界面，包含账号密码输入框、登录按钮等登录相关元素，未出现用户个人工作台首页的相关内容，因此该陈述为假。</thought>
<data-json>
{
  "StatementIsTruthy": false
}
</data-json>
[2026-06-16T20:59:50.577+08:00] adapter chat completion params: {"config":{"temperature":0,"thinking":{"type":"disabled"}}}
[2026-06-16T20:59:50.577+08:00] sending request to doubao-seed-2.0-pro
[2026-06-16T20:59:53.627+08:00] response reasoning content: 
[2026-06-16T20:59:53.627+08:00] response content: <thought>根据当前截图可见：页面顶部有「杨景成」的用户信息，左侧导航选中「首页」，主区域显示用户问候、会员等级、订单中心等个人工作台专属内容，因此页面已跳转到用户个人工作台首页的陈述为真。</thought>
<data-json>
{
  "StatementIsTruthy": true
}
</data-json>
[2026-06-16T20:59:53.750+08:00] adapter chat completion params: {"config":{"temperature":0,"thinking":{"type":"disabled"}}}
[2026-06-16T20:59:53.750+08:00] sending request to doubao-seed-2.0-pro
[2026-06-16T20:59:56.678+08:00] response reasoning content: 
[2026-06-16T20:59:56.678+08:00] response content: <thought>根据当前截图，我可以看到页面右上角区域显示有“控制台”文字，因此该陈述是真实的。</thought>
<data-json>
{
  "StatementIsTruthy": true
}
</data-json>
