[2026-06-16T20:22:28.360+08:00] Getting interface description
[2026-06-16T20:22:28.360+08:00] Interface description end
[2026-06-16T20:22:28.360+08:00] Uploading test info to server
[2026-06-16T20:22:28.360+08:00] UploadTestInfoToServer end
[2026-06-16T20:22:28.360+08:00] will get size
[2026-06-16T20:22:28.396+08:00] size: 1280x720
[2026-06-16T20:22:28.457+08:00] will get screenshot dimensions
[2026-06-16T20:22:28.534+08:00] screenshot dimensions 1280 x 720
[2026-06-16T20:22:28.534+08:00] calculated dpr: 1
[2026-06-16T20:22:28.534+08:00] shrunkShotToLogicalRatio 1
[2026-06-16T20:22:34.136+08:00] Getting interface description
[2026-06-16T20:22:34.136+08:00] Interface description end
[2026-06-16T20:22:34.136+08:00] Uploading test info to server
[2026-06-16T20:22:34.136+08:00] UploadTestInfoToServer end
[2026-06-16T20:22:34.136+08:00] will get size
[2026-06-16T20:22:34.136+08:00] size: 1280x720
[2026-06-16T20:22:34.179+08:00] will get screenshot dimensions
[2026-06-16T20:22:34.201+08:00] screenshot dimensions 1280 x 720
[2026-06-16T20:22:34.201+08:00] calculated dpr: 1
[2026-06-16T20:22:34.201+08:00] shrunkShotToLogicalRatio 1
[2026-06-16T20:22:34.790+08:00] Getting interface description
[2026-06-16T20:22:34.790+08:00] Interface description end
[2026-06-16T20:22:34.790+08:00] Uploading test info to server
[2026-06-16T20:22:34.790+08:00] UploadTestInfoToServer end
[2026-06-16T20:22:34.790+08:00] will get size
[2026-06-16T20:22:34.790+08:00] size: 1280x720
[2026-06-16T20:22:34.841+08:00] will get screenshot dimensions
[2026-06-16T20:22:34.869+08:00] screenshot dimensions 1280 x 720
[2026-06-16T20:22:34.869+08:00] calculated dpr: 1
[2026-06-16T20:22:34.869+08:00] shrunkShotToLogicalRatio 1
[2026-06-16T20:22:38.495+08:00] Getting interface description
[2026-06-16T20:22:38.495+08:00] Interface description end
[2026-06-16T20:22:38.495+08:00] Uploading test info to server
[2026-06-16T20:22:38.495+08:00] UploadTestInfoToServer end
[2026-06-16T20:22:38.495+08:00] will get size
[2026-06-16T20:22:38.495+08:00] size: 1280x720
[2026-06-16T20:22:38.537+08:00] will get screenshot dimensions
[2026-06-16T20:22:38.560+08:00] screenshot dimensions 1280 x 720
[2026-06-16T20:22:38.560+08:00] calculated dpr: 1
[2026-06-16T20:22:38.560+08:00] shrunkShotToLogicalRatio 1
[2026-06-16T20:22:39.885+08:00] Getting interface description
[2026-06-16T20:22:39.885+08:00] Interface description end
[2026-06-16T20:22:39.885+08:00] Uploading test info to server
[2026-06-16T20:22:39.885+08:00] UploadTestInfoToServer end
[2026-06-16T20:22:39.885+08:00] will get size
[2026-06-16T20:22:39.885+08:00] size: 1280x720
[2026-06-16T20:22:39.940+08:00] will get screenshot dimensions
[2026-06-16T20:22:39.965+08:00] screenshot dimensions 1280 x 720
[2026-06-16T20:22:39.965+08:00] calculated dpr: 1
[2026-06-16T20:22:39.965+08:00] shrunkShotToLogicalRatio 1
[2026-06-16T20:22:44.181+08:00] Getting interface description
[2026-06-16T20:22:44.181+08:00] Interface description end
[2026-06-16T20:22:44.181+08:00] Uploading test info to server
[2026-06-16T20:22:44.181+08:00] UploadTestInfoToServer end
[2026-06-16T20:22:44.181+08:00] will get size
[2026-06-16T20:22:44.181+08:00] size: 1280x720
[2026-06-16T20:22:44.221+08:00] will get screenshot dimensions
[2026-06-16T20:22:44.242+08:00] screenshot dimensions 1280 x 720
[2026-06-16T20:22:44.242+08:00] calculated dpr: 1
[2026-06-16T20:22:44.242+08:00] shrunkShotToLogicalRatio 1
[2026-06-16T20:22:44.250+08:00] Getting interface description
[2026-06-16T20:22:44.250+08:00] Interface description end
[2026-06-16T20:22:44.250+08:00] Uploading test info to server
[2026-06-16T20:22:44.250+08:00] UploadTestInfoToServer end
[2026-06-16T20:22:44.250+08:00] will get size
[2026-06-16T20:22:44.250+08:00] size: 1280x720
[2026-06-16T20:22:44.302+08:00] will get screenshot dimensions
[2026-06-16T20:22:44.326+08:00] screenshot dimensions 1280 x 720
[2026-06-16T20:22:44.327+08:00] calculated dpr: 1
[2026-06-16T20:22:44.327+08:00] shrunkShotToLogicalRatio 1
[2026-06-16T20:24:02.351+08:00] Getting interface description
[2026-06-16T20:24:02.352+08:00] Interface description end
[2026-06-16T20:24:02.352+08:00] Uploading test info to server
[2026-06-16T20:24:02.352+08:00] UploadTestInfoToServer end
[2026-06-16T20:24:02.352+08:00] will get size
[2026-06-16T20:24:02.395+08:00] size: 1280x720
[2026-06-16T20:24:02.467+08:00] will get screenshot dimensions
[2026-06-16T20:24:02.528+08:00] screenshot dimensions 1280 x 720
[2026-06-16T20:24:02.528+08:00] calculated dpr: 1
[2026-06-16T20:24:02.528+08:00] shrunkShotToLogicalRatio 1
[2026-06-16T20:24:09.066+08:00] Getting interface description
[2026-06-16T20:24:09.066+08:00] Interface description end
[2026-06-16T20:24:09.066+08:00] Uploading test info to server
[2026-06-16T20:24:09.066+08:00] UploadTestInfoToServer end
[2026-06-16T20:24:09.066+08:00] will get size
[2026-06-16T20:24:09.066+08:00] size: 1280x720
[2026-06-16T20:24:09.109+08:00] will get screenshot dimensions
[2026-06-16T20:24:09.132+08:00] screenshot dimensions 1280 x 720
[2026-06-16T20:24:09.132+08:00] calculated dpr: 1
[2026-06-16T20:24:09.132+08:00] shrunkShotToLogicalRatio 1
[2026-06-16T20:24:09.707+08:00] Getting interface description
[2026-06-16T20:24:09.707+08:00] Interface description end
[2026-06-16T20:24:09.707+08:00] Uploading test info to server
[2026-06-16T20:24:09.707+08:00] UploadTestInfoToServer end
[2026-06-16T20:24:09.707+08:00] will get size
[2026-06-16T20:24:09.707+08:00] size: 1280x720
[2026-06-16T20:24:09.770+08:00] will get screenshot dimensions
[2026-06-16T20:24:09.809+08:00] screenshot dimensions 1280 x 720
[2026-06-16T20:24:09.809+08:00] calculated dpr: 1
[2026-06-16T20:24:09.809+08:00] shrunkShotToLogicalRatio 1
[2026-06-16T20:24:14.366+08:00] Getting interface description
[2026-06-16T20:24:14.366+08:00] Interface description end
[2026-06-16T20:24:14.366+08:00] Uploading test info to server
[2026-06-16T20:24:14.366+08:00] UploadTestInfoToServer end
[2026-06-16T20:24:14.366+08:00] will get size
[2026-06-16T20:24:14.366+08:00] size: 1280x720
[2026-06-16T20:24:14.409+08:00] will get screenshot dimensions
[2026-06-16T20:24:14.441+08:00] screenshot dimensions 1280 x 720
[2026-06-16T20:24:14.442+08:00] calculated dpr: 1
[2026-06-16T20:24:14.442+08:00] shrunkShotToLogicalRatio 1
[2026-06-16T20:24:15.720+08:00] Getting interface description
[2026-06-16T20:24:15.720+08:00] Interface description end
[2026-06-16T20:24:15.720+08:00] Uploading test info to server
[2026-06-16T20:24:15.720+08:00] UploadTestInfoToServer end
[2026-06-16T20:24:15.720+08:00] will get size
[2026-06-16T20:24:15.720+08:00] size: 1280x720
[2026-06-16T20:24:15.761+08:00] will get screenshot dimensions
[2026-06-16T20:24:15.788+08:00] screenshot dimensions 1280 x 720
[2026-06-16T20:24:15.788+08:00] calculated dpr: 1
[2026-06-16T20:24:15.788+08:00] shrunkShotToLogicalRatio 1
[2026-06-16T20:24:18.585+08:00] Getting interface description
[2026-06-16T20:24:18.585+08:00] Interface description end
[2026-06-16T20:24:18.585+08:00] Uploading test info to server
[2026-06-16T20:24:18.585+08:00] UploadTestInfoToServer end
[2026-06-16T20:24:18.585+08:00] will get size
[2026-06-16T20:24:18.585+08:00] size: 1280x720
[2026-06-16T20:24:18.620+08:00] will get screenshot dimensions
[2026-06-16T20:24:18.643+08:00] screenshot dimensions 1280 x 720
[2026-06-16T20:24:18.643+08:00] calculated dpr: 1
[2026-06-16T20:24:18.643+08:00] shrunkShotToLogicalRatio 1
[2026-06-16T20:24:18.652+08:00] Getting interface description
[2026-06-16T20:24:18.652+08:00] Interface description end
[2026-06-16T20:24:18.652+08:00] Uploading test info to server
[2026-06-16T20:24:18.652+08:00] UploadTestInfoToServer end
[2026-06-16T20:24:18.652+08:00] will get size
[2026-06-16T20:24:18.652+08:00] size: 1280x720
[2026-06-16T20:24:18.700+08:00] will get screenshot dimensions
[2026-06-16T20:24:18.734+08:00] screenshot dimensions 1280 x 720
[2026-06-16T20:24:18.734+08:00] calculated dpr: 1
[2026-06-16T20:24:18.734+08:00] shrunkShotToLogicalRatio 1
[2026-06-16T20:28:20.145+08:00] Getting interface description
[2026-06-16T20:28:20.145+08:00] Interface description end
[2026-06-16T20:28:20.145+08:00] Uploading test info to server
[2026-06-16T20:28:20.145+08:00] UploadTestInfoToServer end
[2026-06-16T20:28:20.145+08:00] will get size
[2026-06-16T20:33:55.106+08:00] Getting interface description
[2026-06-16T20:33:55.106+08:00] Interface description end
[2026-06-16T20:33:55.106+08:00] Uploading test info to server
[2026-06-16T20:33:55.106+08:00] UploadTestInfoToServer end
[2026-06-16T20:33:55.106+08:00] will get size
[2026-06-16T20:34:17.119+08:00] Getting interface description
[2026-06-16T20:34:17.119+08:00] Interface description end
[2026-06-16T20:34:17.119+08:00] Uploading test info to server
[2026-06-16T20:34:17.119+08:00] UploadTestInfoToServer end
[2026-06-16T20:34:17.119+08:00] will get size
[2026-06-16T20:34:17.125+08:00] size: 1280x720
[2026-06-16T20:34:17.176+08:00] will get screenshot dimensions
[2026-06-16T20:34:17.251+08:00] screenshot dimensions 1280 x 720
[2026-06-16T20:34:17.251+08:00] calculated dpr: 1
[2026-06-16T20:34:17.251+08:00] shrunkShotToLogicalRatio 1
[2026-06-16T20:34:20.003+08:00] Getting interface description
[2026-06-16T20:34:20.003+08:00] Interface description end
[2026-06-16T20:34:20.003+08:00] Uploading test info to server
[2026-06-16T20:34:20.003+08:00] UploadTestInfoToServer end
[2026-06-16T20:34:20.003+08:00] will get size
[2026-06-16T20:34:20.003+08:00] size: 1280x720
[2026-06-16T20:34:20.032+08:00] will get screenshot dimensions
[2026-06-16T20:34:20.075+08:00] screenshot dimensions 1280 x 720
[2026-06-16T20:34:20.075+08:00] calculated dpr: 1
[2026-06-16T20:34:20.075+08:00] shrunkShotToLogicalRatio 1
[2026-06-16T20:34:20.086+08:00] Getting interface description
[2026-06-16T20:34:20.086+08:00] Interface description end
[2026-06-16T20:34:20.086+08:00] Uploading test info to server
[2026-06-16T20:34:20.086+08:00] UploadTestInfoToServer end
[2026-06-16T20:34:20.086+08:00] will get size
[2026-06-16T20:34:20.086+08:00] size: 1280x720
[2026-06-16T20:34:20.115+08:00] will get screenshot dimensions
[2026-06-16T20:34:20.145+08:00] screenshot dimensions 1280 x 720
[2026-06-16T20:34:20.145+08:00] calculated dpr: 1
[2026-06-16T20:34:20.145+08:00] shrunkShotToLogicalRatio 1
[2026-06-16T20:34:22.748+08:00] Getting interface description
[2026-06-16T20:34:22.748+08:00] Interface description end
[2026-06-16T20:34:22.748+08:00] Uploading test info to server
[2026-06-16T20:34:22.748+08:00] UploadTestInfoToServer end
[2026-06-16T20:34:22.748+08:00] will get size
[2026-06-16T20:34:22.748+08:00] size: 1280x720
[2026-06-16T20:34:22.785+08:00] will get screenshot dimensions
[2026-06-16T20:34:22.805+08:00] screenshot dimensions 1280 x 720
[2026-06-16T20:34:22.806+08:00] calculated dpr: 1
[2026-06-16T20:34:22.806+08:00] shrunkShotToLogicalRatio 1
[2026-06-16T20:34:23.640+08:00] Getting interface description
[2026-06-16T20:34:23.640+08:00] Interface description end
[2026-06-16T20:34:23.640+08:00] Uploading test info to server
[2026-06-16T20:34:23.640+08:00] UploadTestInfoToServer end
[2026-06-16T20:34:23.640+08:00] will get size
[2026-06-16T20:34:23.640+08:00] size: 1280x720
[2026-06-16T20:34:23.702+08:00] will get screenshot dimensions
[2026-06-16T20:34:23.729+08:00] screenshot dimensions 1280 x 720
[2026-06-16T20:34:23.729+08:00] calculated dpr: 1
[2026-06-16T20:34:23.729+08:00] shrunkShotToLogicalRatio 1
[2026-06-16T20:50:47.117+08:00] Getting interface description
[2026-06-16T20:50:47.117+08:00] Interface description end
[2026-06-16T20:50:47.117+08:00] Uploading test info to server
[2026-06-16T20:50:47.118+08:00] UploadTestInfoToServer end
[2026-06-16T20:50:47.118+08:00] will get size
[2026-06-16T20:50:49.019+08:00] Getting interface description
[2026-06-16T20:50:49.019+08:00] Interface description end
[2026-06-16T20:50:49.019+08:00] Uploading test info to server
[2026-06-16T20:50:49.019+08:00] UploadTestInfoToServer end
[2026-06-16T20:50:49.019+08:00] will get size
[2026-06-16T20:50:49.029+08:00] size: 1280x720
[2026-06-16T20:50:49.117+08:00] will get screenshot dimensions
[2026-06-16T20:50:49.183+08:00] screenshot dimensions 1280 x 720
[2026-06-16T20:50:49.183+08:00] calculated dpr: 1
[2026-06-16T20:50:49.183+08:00] shrunkShotToLogicalRatio 1
[2026-06-16T20:51:01.794+08:00] Getting interface description
[2026-06-16T20:51:01.794+08:00] Interface description end
[2026-06-16T20:51:01.794+08:00] Uploading test info to server
[2026-06-16T20:51:01.794+08:00] UploadTestInfoToServer end
[2026-06-16T20:51:01.794+08:00] will get size
[2026-06-16T20:51:01.794+08:00] size: 1280x720
[2026-06-16T20:51:01.840+08:00] will get screenshot dimensions
[2026-06-16T20:51:01.864+08:00] screenshot dimensions 1280 x 720
[2026-06-16T20:51:01.864+08:00] calculated dpr: 1
[2026-06-16T20:51:01.864+08:00] shrunkShotToLogicalRatio 1
[2026-06-16T20:51:01.872+08:00] Getting interface description
[2026-06-16T20:51:01.872+08:00] Interface description end
[2026-06-16T20:51:01.872+08:00] Uploading test info to server
[2026-06-16T20:51:01.872+08:00] UploadTestInfoToServer end
[2026-06-16T20:51:01.872+08:00] will get size
[2026-06-16T20:51:01.872+08:00] size: 1280x720
[2026-06-16T20:51:01.910+08:00] will get screenshot dimensions
[2026-06-16T20:51:01.936+08:00] screenshot dimensions 1280 x 720
[2026-06-16T20:51:01.936+08:00] calculated dpr: 1
[2026-06-16T20:51:01.936+08:00] shrunkShotToLogicalRatio 1
[2026-06-16T20:51:05.270+08:00] Getting interface description
[2026-06-16T20:51:05.270+08:00] Interface description end
[2026-06-16T20:51:05.270+08:00] Uploading test info to server
[2026-06-16T20:51:05.270+08:00] UploadTestInfoToServer end
[2026-06-16T20:51:05.270+08:00] will get size
[2026-06-16T20:51:05.270+08:00] size: 1280x720
[2026-06-16T20:51:05.310+08:00] will get screenshot dimensions
[2026-06-16T20:51:05.329+08:00] screenshot dimensions 1280 x 720
[2026-06-16T20:51:05.329+08:00] calculated dpr: 1
[2026-06-16T20:51:05.329+08:00] shrunkShotToLogicalRatio 1
[2026-06-16T20:51:05.336+08:00] Getting interface description
[2026-06-16T20:51:05.336+08:00] Interface description end
[2026-06-16T20:51:05.336+08:00] Uploading test info to server
[2026-06-16T20:51:05.336+08:00] UploadTestInfoToServer end
[2026-06-16T20:51:05.336+08:00] will get size
[2026-06-16T20:51:05.336+08:00] size: 1280x720
[2026-06-16T20:51:05.381+08:00] will get screenshot dimensions
[2026-06-16T20:51:05.399+08:00] screenshot dimensions 1280 x 720
[2026-06-16T20:51:05.399+08:00] calculated dpr: 1
[2026-06-16T20:51:05.399+08:00] shrunkShotToLogicalRatio 1
[2026-06-16T20:51:08.550+08:00] Getting interface description
[2026-06-16T20:51:08.550+08:00] Interface description end
[2026-06-16T20:51:08.550+08:00] Uploading test info to server
[2026-06-16T20:51:08.550+08:00] UploadTestInfoToServer end
[2026-06-16T20:51:08.550+08:00] will get size
[2026-06-16T20:51:08.550+08:00] size: 1280x720
[2026-06-16T20:51:08.598+08:00] will get screenshot dimensions
[2026-06-16T20:51:08.620+08:00] screenshot dimensions 1280 x 720
[2026-06-16T20:51:08.620+08:00] calculated dpr: 1
[2026-06-16T20:51:08.620+08:00] shrunkShotToLogicalRatio 1
[2026-06-16T20:53:53.255+08:00] Getting interface description
[2026-06-16T20:53:53.256+08:00] Interface description end
[2026-06-16T20:53:53.256+08:00] Uploading test info to server
[2026-06-16T20:53:53.256+08:00] UploadTestInfoToServer end
[2026-06-16T20:53:53.256+08:00] will get size
[2026-06-16T20:53:54.834+08:00] Getting interface description
[2026-06-16T20:53:54.834+08:00] Interface description end
[2026-06-16T20:53:54.834+08:00] Uploading test info to server
[2026-06-16T20:53:54.834+08:00] UploadTestInfoToServer end
[2026-06-16T20:53:54.834+08:00] will get size
[2026-06-16T20:53:54.839+08:00] size: 1280x720
[2026-06-16T20:53:54.917+08:00] will get screenshot dimensions
[2026-06-16T20:53:54.973+08:00] screenshot dimensions 1280 x 720
[2026-06-16T20:53:54.973+08:00] calculated dpr: 1
[2026-06-16T20:53:54.973+08:00] shrunkShotToLogicalRatio 1
[2026-06-16T20:53:59.298+08:00] Getting interface description
[2026-06-16T20:53:59.298+08:00] Interface description end
[2026-06-16T20:53:59.298+08:00] Uploading test info to server
[2026-06-16T20:53:59.298+08:00] UploadTestInfoToServer end
[2026-06-16T20:53:59.298+08:00] will get size
[2026-06-16T20:53:59.298+08:00] size: 1280x720
[2026-06-16T20:53:59.348+08:00] will get screenshot dimensions
[2026-06-16T20:53:59.367+08:00] screenshot dimensions 1280 x 720
[2026-06-16T20:53:59.367+08:00] calculated dpr: 1
[2026-06-16T20:53:59.367+08:00] shrunkShotToLogicalRatio 1
[2026-06-16T20:53:59.373+08:00] Getting interface description
[2026-06-16T20:53:59.373+08:00] Interface description end
[2026-06-16T20:53:59.373+08:00] Uploading test info to server
[2026-06-16T20:53:59.373+08:00] UploadTestInfoToServer end
[2026-06-16T20:53:59.373+08:00] will get size
[2026-06-16T20:53:59.373+08:00] size: 1280x720
[2026-06-16T20:53:59.410+08:00] will get screenshot dimensions
[2026-06-16T20:53:59.432+08:00] screenshot dimensions 1280 x 720
[2026-06-16T20:53:59.432+08:00] calculated dpr: 1
[2026-06-16T20:53:59.432+08:00] shrunkShotToLogicalRatio 1
[2026-06-16T20:54:03.609+08:00] Getting interface description
[2026-06-16T20:54:03.609+08:00] Interface description end
[2026-06-16T20:54:03.609+08:00] Uploading test info to server
[2026-06-16T20:54:03.609+08:00] UploadTestInfoToServer end
[2026-06-16T20:54:03.609+08:00] will get size
[2026-06-16T20:54:03.609+08:00] size: 1280x720
[2026-06-16T20:54:03.659+08:00] will get screenshot dimensions
[2026-06-16T20:54:03.678+08:00] screenshot dimensions 1280 x 720
[2026-06-16T20:54:03.678+08:00] calculated dpr: 1
[2026-06-16T20:54:03.678+08:00] shrunkShotToLogicalRatio 1
[2026-06-16T20:54:03.685+08:00] Getting interface description
[2026-06-16T20:54:03.685+08:00] Interface description end
[2026-06-16T20:54:03.685+08:00] Uploading test info to server
[2026-06-16T20:54:03.686+08:00] UploadTestInfoToServer end
[2026-06-16T20:54:03.686+08:00] will get size
[2026-06-16T20:54:03.686+08:00] size: 1280x720
[2026-06-16T20:54:03.730+08:00] will get screenshot dimensions
[2026-06-16T20:54:03.759+08:00] screenshot dimensions 1280 x 720
[2026-06-16T20:54:03.759+08:00] calculated dpr: 1
[2026-06-16T20:54:03.759+08:00] shrunkShotToLogicalRatio 1
[2026-06-16T20:54:07.833+08:00] Getting interface description
[2026-06-16T20:54:07.833+08:00] Interface description end
[2026-06-16T20:54:07.833+08:00] Uploading test info to server
[2026-06-16T20:54:07.833+08:00] UploadTestInfoToServer end
[2026-06-16T20:54:07.833+08:00] will get size
[2026-06-16T20:54:07.833+08:00] size: 1280x720
[2026-06-16T20:54:07.876+08:00] will get screenshot dimensions
[2026-06-16T20:54:07.894+08:00] screenshot dimensions 1280 x 720
[2026-06-16T20:54:07.894+08:00] calculated dpr: 1
[2026-06-16T20:54:07.894+08:00] shrunkShotToLogicalRatio 1
[2026-06-16T20:54:07.901+08:00] Getting interface description
[2026-06-16T20:54:07.901+08:00] Interface description end
[2026-06-16T20:54:07.901+08:00] Uploading test info to server
[2026-06-16T20:54:07.901+08:00] UploadTestInfoToServer end
[2026-06-16T20:54:07.901+08:00] will get size
[2026-06-16T20:54:07.901+08:00] size: 1280x720
[2026-06-16T20:54:07.943+08:00] will get screenshot dimensions
[2026-06-16T20:54:07.968+08:00] screenshot dimensions 1280 x 720
[2026-06-16T20:54:07.969+08:00] calculated dpr: 1
[2026-06-16T20:54:07.969+08:00] shrunkShotToLogicalRatio 1
[2026-06-16T20:54:12.253+08:00] Getting interface description
[2026-06-16T20:54:12.253+08:00] Interface description end
[2026-06-16T20:54:12.253+08:00] Uploading test info to server
[2026-06-16T20:54:12.253+08:00] UploadTestInfoToServer end
[2026-06-16T20:54:12.253+08:00] will get size
[2026-06-16T20:54:12.253+08:00] size: 1280x720
[2026-06-16T20:54:12.288+08:00] will get screenshot dimensions
[2026-06-16T20:54:12.308+08:00] screenshot dimensions 1280 x 720
[2026-06-16T20:54:12.308+08:00] calculated dpr: 1
[2026-06-16T20:54:12.308+08:00] shrunkShotToLogicalRatio 1
[2026-06-16T20:54:12.315+08:00] Getting interface description
[2026-06-16T20:54:12.315+08:00] Interface description end
[2026-06-16T20:54:12.315+08:00] Uploading test info to server
[2026-06-16T20:54:12.315+08:00] UploadTestInfoToServer end
[2026-06-16T20:54:12.315+08:00] will get size
[2026-06-16T20:54:12.315+08:00] size: 1280x720
[2026-06-16T20:54:12.356+08:00] will get screenshot dimensions
[2026-06-16T20:54:12.373+08:00] screenshot dimensions 1280 x 720
[2026-06-16T20:54:12.373+08:00] calculated dpr: 1
[2026-06-16T20:54:12.373+08:00] shrunkShotToLogicalRatio 1
[2026-06-16T20:54:16.704+08:00] Getting interface description
[2026-06-16T20:54:16.704+08:00] Interface description end
[2026-06-16T20:54:16.704+08:00] Uploading test info to server
[2026-06-16T20:54:16.704+08:00] UploadTestInfoToServer end
[2026-06-16T20:54:16.704+08:00] will get size
[2026-06-16T20:54:16.704+08:00] size: 1280x720
[2026-06-16T20:54:16.758+08:00] will get screenshot dimensions
[2026-06-16T20:54:16.781+08:00] screenshot dimensions 1280 x 720
[2026-06-16T20:54:16.781+08:00] calculated dpr: 1
[2026-06-16T20:54:16.781+08:00] shrunkShotToLogicalRatio 1
[2026-06-16T20:56:04.470+08:00] Getting interface description
[2026-06-16T20:56:04.470+08:00] Interface description end
[2026-06-16T20:56:04.470+08:00] Uploading test info to server
[2026-06-16T20:56:04.470+08:00] UploadTestInfoToServer end
[2026-06-16T20:56:04.470+08:00] will get size
[2026-06-16T20:56:06.047+08:00] Getting interface description
[2026-06-16T20:56:06.047+08:00] Interface description end
[2026-06-16T20:56:06.047+08:00] Uploading test info to server
[2026-06-16T20:56:06.047+08:00] UploadTestInfoToServer end
[2026-06-16T20:56:06.047+08:00] will get size
[2026-06-16T20:56:06.053+08:00] size: 1280x720
[2026-06-16T20:56:06.111+08:00] will get screenshot dimensions
[2026-06-16T20:56:06.172+08:00] screenshot dimensions 1280 x 720
[2026-06-16T20:56:06.172+08:00] calculated dpr: 1
[2026-06-16T20:56:06.172+08:00] shrunkShotToLogicalRatio 1
[2026-06-16T20:56:13.575+08:00] Getting interface description
[2026-06-16T20:56:13.575+08:00] Interface description end
[2026-06-16T20:56:13.575+08:00] Uploading test info to server
[2026-06-16T20:56:13.575+08:00] UploadTestInfoToServer end
[2026-06-16T20:56:13.575+08:00] will get size
[2026-06-16T20:56:13.575+08:00] size: 1280x720
[2026-06-16T20:56:13.808+08:00] will get screenshot dimensions
[2026-06-16T20:56:13.839+08:00] screenshot dimensions 1280 x 720
[2026-06-16T20:56:13.839+08:00] calculated dpr: 1
[2026-06-16T20:56:13.839+08:00] shrunkShotToLogicalRatio 1
[2026-06-16T20:56:13.847+08:00] Getting interface description
[2026-06-16T20:56:13.847+08:00] Interface description end
[2026-06-16T20:56:13.847+08:00] Uploading test info to server
[2026-06-16T20:56:13.847+08:00] UploadTestInfoToServer end
[2026-06-16T20:56:13.847+08:00] will get size
[2026-06-16T20:56:13.847+08:00] size: 1280x720
[2026-06-16T20:56:13.892+08:00] will get screenshot dimensions
[2026-06-16T20:56:13.921+08:00] screenshot dimensions 1280 x 720
[2026-06-16T20:56:13.921+08:00] calculated dpr: 1
[2026-06-16T20:56:13.921+08:00] shrunkShotToLogicalRatio 1
[2026-06-16T20:56:17.048+08:00] Getting interface description
[2026-06-16T20:56:17.048+08:00] Interface description end
[2026-06-16T20:56:17.048+08:00] Uploading test info to server
[2026-06-16T20:56:17.048+08:00] UploadTestInfoToServer end
[2026-06-16T20:56:17.048+08:00] will get size
[2026-06-16T20:56:17.048+08:00] size: 1280x720
[2026-06-16T20:56:17.093+08:00] will get screenshot dimensions
[2026-06-16T20:56:17.116+08:00] screenshot dimensions 1280 x 720
[2026-06-16T20:56:17.116+08:00] calculated dpr: 1
[2026-06-16T20:56:17.116+08:00] shrunkShotToLogicalRatio 1
[2026-06-16T20:56:17.123+08:00] Getting interface description
[2026-06-16T20:56:17.123+08:00] Interface description end
[2026-06-16T20:56:17.123+08:00] Uploading test info to server
[2026-06-16T20:56:17.123+08:00] UploadTestInfoToServer end
[2026-06-16T20:56:17.123+08:00] will get size
[2026-06-16T20:56:17.123+08:00] size: 1280x720
[2026-06-16T20:56:17.165+08:00] will get screenshot dimensions
[2026-06-16T20:56:17.182+08:00] screenshot dimensions 1280 x 720
[2026-06-16T20:56:17.182+08:00] calculated dpr: 1
[2026-06-16T20:56:17.182+08:00] shrunkShotToLogicalRatio 1
[2026-06-16T20:56:19.900+08:00] Getting interface description
[2026-06-16T20:56:19.900+08:00] Interface description end
[2026-06-16T20:56:19.900+08:00] Uploading test info to server
[2026-06-16T20:56:19.900+08:00] UploadTestInfoToServer end
[2026-06-16T20:56:19.900+08:00] will get size
[2026-06-16T20:56:19.900+08:00] size: 1280x720
[2026-06-16T20:56:19.937+08:00] will get screenshot dimensions
[2026-06-16T20:56:19.954+08:00] screenshot dimensions 1280 x 720
[2026-06-16T20:56:19.954+08:00] calculated dpr: 1
[2026-06-16T20:56:19.954+08:00] shrunkShotToLogicalRatio 1
[2026-06-16T20:56:20.666+08:00] Getting interface description
[2026-06-16T20:56:20.666+08:00] Interface description end
[2026-06-16T20:56:20.666+08:00] Uploading test info to server
[2026-06-16T20:56:20.666+08:00] UploadTestInfoToServer end
[2026-06-16T20:56:20.666+08:00] will get size
[2026-06-16T20:56:20.666+08:00] size: 1280x720
[2026-06-16T20:56:20.727+08:00] will get screenshot dimensions
[2026-06-16T20:56:20.748+08:00] screenshot dimensions 1280 x 720
[2026-06-16T20:56:20.748+08:00] calculated dpr: 1
[2026-06-16T20:56:20.748+08:00] shrunkShotToLogicalRatio 1
[2026-06-16T20:56:20.757+08:00] Getting interface description
[2026-06-16T20:56:20.757+08:00] Interface description end
[2026-06-16T20:56:20.757+08:00] Uploading test info to server
[2026-06-16T20:56:20.757+08:00] UploadTestInfoToServer end
[2026-06-16T20:56:20.757+08:00] will get size
[2026-06-16T20:56:20.757+08:00] size: 1280x720
[2026-06-16T20:56:20.791+08:00] will get screenshot dimensions
[2026-06-16T20:56:20.815+08:00] screenshot dimensions 1280 x 720
[2026-06-16T20:56:20.815+08:00] calculated dpr: 1
[2026-06-16T20:56:20.815+08:00] shrunkShotToLogicalRatio 1
[2026-06-16T20:56:24.583+08:00] Getting interface description
[2026-06-16T20:56:24.583+08:00] Interface description end
[2026-06-16T20:56:24.583+08:00] Uploading test info to server
[2026-06-16T20:56:24.583+08:00] UploadTestInfoToServer end
[2026-06-16T20:56:24.583+08:00] will get size
[2026-06-16T20:56:24.583+08:00] size: 1280x720
[2026-06-16T20:56:24.621+08:00] will get screenshot dimensions
[2026-06-16T20:56:24.637+08:00] screenshot dimensions 1280 x 720
[2026-06-16T20:56:24.637+08:00] calculated dpr: 1
[2026-06-16T20:56:24.637+08:00] shrunkShotToLogicalRatio 1
[2026-06-16T20:57:52.039+08:00] Getting interface description
[2026-06-16T20:57:52.040+08:00] Interface description end
[2026-06-16T20:57:52.040+08:00] Uploading test info to server
[2026-06-16T20:57:52.040+08:00] UploadTestInfoToServer end
[2026-06-16T20:57:52.040+08:00] will get size
[2026-06-16T20:57:52.071+08:00] size: 1280x720
[2026-06-16T20:57:52.397+08:00] will get screenshot dimensions
[2026-06-16T20:57:52.434+08:00] screenshot dimensions 1280 x 720
[2026-06-16T20:57:52.434+08:00] calculated dpr: 1
[2026-06-16T20:57:52.434+08:00] shrunkShotToLogicalRatio 1
[2026-06-16T20:57:54.617+08:00] Getting interface description
[2026-06-16T20:57:54.617+08:00] Interface description end
[2026-06-16T20:57:54.617+08:00] Uploading test info to server
[2026-06-16T20:57:54.617+08:00] UploadTestInfoToServer end
[2026-06-16T20:57:54.617+08:00] will get size
[2026-06-16T20:57:54.617+08:00] size: 1280x720
[2026-06-16T20:57:54.653+08:00] will get screenshot dimensions
[2026-06-16T20:57:54.672+08:00] screenshot dimensions 1280 x 720
[2026-06-16T20:57:54.672+08:00] calculated dpr: 1
[2026-06-16T20:57:54.672+08:00] shrunkShotToLogicalRatio 1
[2026-06-16T20:57:55.565+08:00] Getting interface description
[2026-06-16T20:57:55.565+08:00] Interface description end
[2026-06-16T20:57:55.565+08:00] Uploading test info to server
[2026-06-16T20:57:55.565+08:00] UploadTestInfoToServer end
[2026-06-16T20:57:55.565+08:00] will get size
[2026-06-16T20:57:55.565+08:00] size: 1280x720
[2026-06-16T20:57:55.606+08:00] will get screenshot dimensions
[2026-06-16T20:57:55.626+08:00] screenshot dimensions 1280 x 720
[2026-06-16T20:57:55.626+08:00] calculated dpr: 1
[2026-06-16T20:57:55.626+08:00] shrunkShotToLogicalRatio 1
[2026-06-16T20:57:55.631+08:00] Getting interface description
[2026-06-16T20:57:55.631+08:00] Interface description end
[2026-06-16T20:57:55.631+08:00] Uploading test info to server
[2026-06-16T20:57:55.632+08:00] UploadTestInfoToServer end
[2026-06-16T20:57:55.632+08:00] will get size
[2026-06-16T20:57:55.632+08:00] size: 1280x720
[2026-06-16T20:57:55.654+08:00] will get screenshot dimensions
[2026-06-16T20:57:55.671+08:00] screenshot dimensions 1280 x 720
[2026-06-16T20:57:55.671+08:00] calculated dpr: 1
[2026-06-16T20:57:55.671+08:00] shrunkShotToLogicalRatio 1
[2026-06-16T20:57:59.682+08:00] Getting interface description
[2026-06-16T20:57:59.682+08:00] Interface description end
[2026-06-16T20:57:59.682+08:00] Uploading test info to server
[2026-06-16T20:57:59.682+08:00] UploadTestInfoToServer end
[2026-06-16T20:57:59.682+08:00] will get size
[2026-06-16T20:57:59.682+08:00] size: 1280x720
[2026-06-16T20:57:59.705+08:00] will get screenshot dimensions
[2026-06-16T20:57:59.726+08:00] screenshot dimensions 1280 x 720
[2026-06-16T20:57:59.726+08:00] calculated dpr: 1
[2026-06-16T20:57:59.726+08:00] shrunkShotToLogicalRatio 1
[2026-06-16T20:57:59.733+08:00] Getting interface description
[2026-06-16T20:57:59.733+08:00] Interface description end
[2026-06-16T20:57:59.733+08:00] Uploading test info to server
[2026-06-16T20:57:59.733+08:00] UploadTestInfoToServer end
[2026-06-16T20:57:59.733+08:00] will get size
[2026-06-16T20:57:59.733+08:00] size: 1280x720
[2026-06-16T20:57:59.757+08:00] will get screenshot dimensions
[2026-06-16T20:57:59.778+08:00] screenshot dimensions 1280 x 720
[2026-06-16T20:57:59.778+08:00] calculated dpr: 1
[2026-06-16T20:57:59.778+08:00] shrunkShotToLogicalRatio 1
[2026-06-16T20:58:03.876+08:00] Getting interface description
[2026-06-16T20:58:03.876+08:00] Interface description end
[2026-06-16T20:58:03.876+08:00] Uploading test info to server
[2026-06-16T20:58:03.876+08:00] UploadTestInfoToServer end
[2026-06-16T20:58:03.876+08:00] will get size
[2026-06-16T20:58:03.876+08:00] size: 1280x720
[2026-06-16T20:58:03.906+08:00] will get screenshot dimensions
[2026-06-16T20:58:03.925+08:00] screenshot dimensions 1280 x 720
[2026-06-16T20:58:03.925+08:00] calculated dpr: 1
[2026-06-16T20:58:03.925+08:00] shrunkShotToLogicalRatio 1
[2026-06-16T20:58:03.932+08:00] Getting interface description
[2026-06-16T20:58:03.932+08:00] Interface description end
[2026-06-16T20:58:03.932+08:00] Uploading test info to server
[2026-06-16T20:58:03.932+08:00] UploadTestInfoToServer end
[2026-06-16T20:58:03.932+08:00] will get size
[2026-06-16T20:58:03.932+08:00] size: 1280x720
[2026-06-16T20:58:03.958+08:00] will get screenshot dimensions
[2026-06-16T20:58:03.983+08:00] screenshot dimensions 1280 x 720
[2026-06-16T20:58:03.983+08:00] calculated dpr: 1
[2026-06-16T20:58:03.983+08:00] shrunkShotToLogicalRatio 1
[2026-06-16T20:58:06.461+08:00] Getting interface description
[2026-06-16T20:58:06.461+08:00] Interface description end
[2026-06-16T20:58:06.461+08:00] Uploading test info to server
[2026-06-16T20:58:06.461+08:00] UploadTestInfoToServer end
[2026-06-16T20:58:06.461+08:00] will get size
[2026-06-16T20:58:06.461+08:00] size: 1280x720
[2026-06-16T20:58:06.494+08:00] will get screenshot dimensions
[2026-06-16T20:58:06.519+08:00] screenshot dimensions 1280 x 720
[2026-06-16T20:58:06.519+08:00] calculated dpr: 1
[2026-06-16T20:58:06.519+08:00] shrunkShotToLogicalRatio 1
[2026-06-16T20:58:07.451+08:00] Getting interface description
[2026-06-16T20:58:07.451+08:00] Interface description end
[2026-06-16T20:58:07.451+08:00] Uploading test info to server
[2026-06-16T20:58:07.451+08:00] UploadTestInfoToServer end
[2026-06-16T20:58:07.451+08:00] will get size
[2026-06-16T20:58:07.451+08:00] size: 1280x720
[2026-06-16T20:58:07.473+08:00] will get screenshot dimensions
[2026-06-16T20:58:07.499+08:00] screenshot dimensions 1280 x 720
[2026-06-16T20:58:07.499+08:00] calculated dpr: 1
[2026-06-16T20:58:07.499+08:00] shrunkShotToLogicalRatio 1
[2026-06-16T20:58:07.506+08:00] Getting interface description
[2026-06-16T20:58:07.506+08:00] Interface description end
[2026-06-16T20:58:07.506+08:00] Uploading test info to server
[2026-06-16T20:58:07.506+08:00] UploadTestInfoToServer end
[2026-06-16T20:58:07.506+08:00] will get size
[2026-06-16T20:58:07.506+08:00] size: 1280x720
[2026-06-16T20:58:07.539+08:00] will get screenshot dimensions
[2026-06-16T20:58:07.560+08:00] screenshot dimensions 1280 x 720
[2026-06-16T20:58:07.561+08:00] calculated dpr: 1
[2026-06-16T20:58:07.561+08:00] shrunkShotToLogicalRatio 1
[2026-06-16T20:58:10.637+08:00] Getting interface description
[2026-06-16T20:58:10.637+08:00] Interface description end
[2026-06-16T20:58:10.637+08:00] Uploading test info to server
[2026-06-16T20:58:10.637+08:00] UploadTestInfoToServer end
[2026-06-16T20:58:10.637+08:00] will get size
[2026-06-16T20:58:10.637+08:00] size: 1280x720
[2026-06-16T20:58:10.679+08:00] will get screenshot dimensions
[2026-06-16T20:58:10.705+08:00] screenshot dimensions 1280 x 720
[2026-06-16T20:58:10.706+08:00] calculated dpr: 1
[2026-06-16T20:58:10.706+08:00] shrunkShotToLogicalRatio 1
[2026-06-16T20:58:25.443+08:00] Getting interface description
[2026-06-16T20:58:25.443+08:00] Interface description end
[2026-06-16T20:58:25.443+08:00] Uploading test info to server
[2026-06-16T20:58:25.443+08:00] UploadTestInfoToServer end
[2026-06-16T20:58:25.443+08:00] will get size
[2026-06-16T20:58:25.477+08:00] size: 1280x720
[2026-06-16T20:58:25.588+08:00] will get screenshot dimensions
[2026-06-16T20:58:25.653+08:00] screenshot dimensions 1280 x 720
[2026-06-16T20:58:25.653+08:00] calculated dpr: 1
[2026-06-16T20:58:25.653+08:00] shrunkShotToLogicalRatio 1
[2026-06-16T20:58:28.413+08:00] Getting interface description
[2026-06-16T20:58:28.413+08:00] Interface description end
[2026-06-16T20:58:28.413+08:00] Uploading test info to server
[2026-06-16T20:58:28.413+08:00] UploadTestInfoToServer end
[2026-06-16T20:58:28.413+08:00] will get size
[2026-06-16T20:58:28.413+08:00] size: 1280x720
[2026-06-16T20:58:28.470+08:00] will get screenshot dimensions
[2026-06-16T20:58:28.501+08:00] screenshot dimensions 1280 x 720
[2026-06-16T20:58:28.501+08:00] calculated dpr: 1
[2026-06-16T20:58:28.501+08:00] shrunkShotToLogicalRatio 1
[2026-06-16T20:58:28.508+08:00] Getting interface description
[2026-06-16T20:58:28.508+08:00] Interface description end
[2026-06-16T20:58:28.508+08:00] Uploading test info to server
[2026-06-16T20:58:28.508+08:00] UploadTestInfoToServer end
[2026-06-16T20:58:28.508+08:00] will get size
[2026-06-16T20:58:28.508+08:00] size: 1280x720
[2026-06-16T20:58:28.548+08:00] will get screenshot dimensions
[2026-06-16T20:58:28.572+08:00] screenshot dimensions 1280 x 720
[2026-06-16T20:58:28.572+08:00] calculated dpr: 1
[2026-06-16T20:58:28.572+08:00] shrunkShotToLogicalRatio 1
[2026-06-16T20:58:31.865+08:00] Getting interface description
[2026-06-16T20:58:31.865+08:00] Interface description end
[2026-06-16T20:58:31.865+08:00] Uploading test info to server
[2026-06-16T20:58:31.865+08:00] UploadTestInfoToServer end
[2026-06-16T20:58:31.865+08:00] will get size
[2026-06-16T20:58:31.865+08:00] size: 1280x720
[2026-06-16T20:58:31.909+08:00] will get screenshot dimensions
[2026-06-16T20:58:31.932+08:00] screenshot dimensions 1280 x 720
[2026-06-16T20:58:31.932+08:00] calculated dpr: 1
[2026-06-16T20:58:31.932+08:00] shrunkShotToLogicalRatio 1
[2026-06-16T20:58:31.940+08:00] Getting interface description
[2026-06-16T20:58:31.941+08:00] Interface description end
[2026-06-16T20:58:31.941+08:00] Uploading test info to server
[2026-06-16T20:58:31.941+08:00] UploadTestInfoToServer end
[2026-06-16T20:58:31.941+08:00] will get size
[2026-06-16T20:58:31.941+08:00] size: 1280x720
[2026-06-16T20:58:31.979+08:00] will get screenshot dimensions
[2026-06-16T20:58:31.996+08:00] screenshot dimensions 1280 x 720
[2026-06-16T20:58:31.996+08:00] calculated dpr: 1
[2026-06-16T20:58:31.996+08:00] shrunkShotToLogicalRatio 1
[2026-06-16T20:58:41.127+08:00] Getting interface description
[2026-06-16T20:58:41.127+08:00] Interface description end
[2026-06-16T20:58:41.127+08:00] Uploading test info to server
[2026-06-16T20:58:41.127+08:00] UploadTestInfoToServer end
[2026-06-16T20:58:41.127+08:00] will get size
[2026-06-16T20:58:41.127+08:00] size: 1280x720
[2026-06-16T20:58:41.173+08:00] will get screenshot dimensions
[2026-06-16T20:58:41.196+08:00] screenshot dimensions 1280 x 720
[2026-06-16T20:58:41.196+08:00] calculated dpr: 1
[2026-06-16T20:58:41.196+08:00] shrunkShotToLogicalRatio 1
[2026-06-16T20:58:41.203+08:00] Getting interface description
[2026-06-16T20:58:41.203+08:00] Interface description end
[2026-06-16T20:58:41.203+08:00] Uploading test info to server
[2026-06-16T20:58:41.203+08:00] UploadTestInfoToServer end
[2026-06-16T20:58:41.203+08:00] will get size
[2026-06-16T20:58:41.203+08:00] size: 1280x720
[2026-06-16T20:58:41.240+08:00] will get screenshot dimensions
[2026-06-16T20:58:41.260+08:00] screenshot dimensions 1280 x 720
[2026-06-16T20:58:41.260+08:00] calculated dpr: 1
[2026-06-16T20:58:41.260+08:00] shrunkShotToLogicalRatio 1
[2026-06-16T20:58:51.951+08:00] Getting interface description
[2026-06-16T20:58:51.952+08:00] Interface description end
[2026-06-16T20:58:51.952+08:00] Uploading test info to server
[2026-06-16T20:58:51.952+08:00] UploadTestInfoToServer end
[2026-06-16T20:58:51.952+08:00] will get size
[2026-06-16T20:58:51.952+08:00] size: 1280x720
[2026-06-16T20:58:52.002+08:00] will get screenshot dimensions
[2026-06-16T20:58:52.031+08:00] screenshot dimensions 1280 x 720
[2026-06-16T20:58:52.032+08:00] calculated dpr: 1
[2026-06-16T20:58:52.032+08:00] shrunkShotToLogicalRatio 1
[2026-06-16T20:59:47.403+08:00] Getting interface description
[2026-06-16T20:59:47.403+08:00] Interface description end
[2026-06-16T20:59:47.403+08:00] Uploading test info to server
[2026-06-16T20:59:47.403+08:00] UploadTestInfoToServer end
[2026-06-16T20:59:47.403+08:00] will get size
[2026-06-16T20:59:47.450+08:00] size: 1280x720
[2026-06-16T20:59:47.530+08:00] will get screenshot dimensions
[2026-06-16T20:59:47.582+08:00] screenshot dimensions 1280 x 720
[2026-06-16T20:59:47.582+08:00] calculated dpr: 1
[2026-06-16T20:59:47.582+08:00] shrunkShotToLogicalRatio 1
[2026-06-16T20:59:50.440+08:00] Getting interface description
[2026-06-16T20:59:50.440+08:00] Interface description end
[2026-06-16T20:59:50.440+08:00] Uploading test info to server
[2026-06-16T20:59:50.440+08:00] UploadTestInfoToServer end
[2026-06-16T20:59:50.440+08:00] will get size
[2026-06-16T20:59:50.440+08:00] size: 1280x720
[2026-06-16T20:59:50.489+08:00] will get screenshot dimensions
[2026-06-16T20:59:50.510+08:00] screenshot dimensions 1280 x 720
[2026-06-16T20:59:50.510+08:00] calculated dpr: 1
[2026-06-16T20:59:50.510+08:00] shrunkShotToLogicalRatio 1
[2026-06-16T20:59:50.517+08:00] Getting interface description
[2026-06-16T20:59:50.517+08:00] Interface description end
[2026-06-16T20:59:50.517+08:00] Uploading test info to server
[2026-06-16T20:59:50.517+08:00] UploadTestInfoToServer end
[2026-06-16T20:59:50.517+08:00] will get size
[2026-06-16T20:59:50.517+08:00] size: 1280x720
[2026-06-16T20:59:50.560+08:00] will get screenshot dimensions
[2026-06-16T20:59:50.576+08:00] screenshot dimensions 1280 x 720
[2026-06-16T20:59:50.576+08:00] calculated dpr: 1
[2026-06-16T20:59:50.576+08:00] shrunkShotToLogicalRatio 1
[2026-06-16T20:59:53.627+08:00] Getting interface description
[2026-06-16T20:59:53.627+08:00] Interface description end
[2026-06-16T20:59:53.627+08:00] Uploading test info to server
[2026-06-16T20:59:53.627+08:00] UploadTestInfoToServer end
[2026-06-16T20:59:53.627+08:00] will get size
[2026-06-16T20:59:53.627+08:00] size: 1280x720
[2026-06-16T20:59:53.669+08:00] will get screenshot dimensions
[2026-06-16T20:59:53.688+08:00] screenshot dimensions 1280 x 720
[2026-06-16T20:59:53.688+08:00] calculated dpr: 1
[2026-06-16T20:59:53.688+08:00] shrunkShotToLogicalRatio 1
[2026-06-16T20:59:53.695+08:00] Getting interface description
[2026-06-16T20:59:53.695+08:00] Interface description end
[2026-06-16T20:59:53.695+08:00] Uploading test info to server
[2026-06-16T20:59:53.695+08:00] UploadTestInfoToServer end
[2026-06-16T20:59:53.695+08:00] will get size
[2026-06-16T20:59:53.695+08:00] size: 1280x720
[2026-06-16T20:59:53.731+08:00] will get screenshot dimensions
[2026-06-16T20:59:53.749+08:00] screenshot dimensions 1280 x 720
[2026-06-16T20:59:53.749+08:00] calculated dpr: 1
[2026-06-16T20:59:53.749+08:00] shrunkShotToLogicalRatio 1
[2026-06-16T20:59:56.678+08:00] Getting interface description
[2026-06-16T20:59:56.678+08:00] Interface description end
[2026-06-16T20:59:56.678+08:00] Uploading test info to server
[2026-06-16T20:59:56.678+08:00] UploadTestInfoToServer end
[2026-06-16T20:59:56.678+08:00] will get size
[2026-06-16T20:59:56.678+08:00] size: 1280x720
[2026-06-16T20:59:56.729+08:00] will get screenshot dimensions
[2026-06-16T20:59:56.756+08:00] screenshot dimensions 1280 x 720
[2026-06-16T20:59:56.756+08:00] calculated dpr: 1
[2026-06-16T20:59:56.756+08:00] shrunkShotToLogicalRatio 1
[2026-06-25T15:59:16.275+08:00] Getting interface description
[2026-06-25T15:59:16.276+08:00] Interface description end
[2026-06-25T15:59:16.276+08:00] Uploading test info to server
[2026-06-25T15:59:16.276+08:00] UploadTestInfoToServer end
[2026-06-25T15:59:16.276+08:00] will get size
[2026-06-25T15:59:17.828+08:00] Getting interface description
[2026-06-25T15:59:17.828+08:00] Interface description end
[2026-06-25T15:59:17.828+08:00] Uploading test info to server
[2026-06-25T15:59:17.829+08:00] UploadTestInfoToServer end
[2026-06-25T15:59:17.829+08:00] will get size
[2026-06-25T15:59:17.860+08:00] size: 1280x720
[2026-06-25T15:59:18.018+08:00] will get screenshot dimensions
[2026-06-25T15:59:18.087+08:00] screenshot dimensions 1280 x 720
[2026-06-25T15:59:18.087+08:00] calculated dpr: 1
[2026-06-25T15:59:18.087+08:00] shrunkShotToLogicalRatio 1
[2026-06-25T15:59:26.391+08:00] Getting interface description
[2026-06-25T15:59:26.391+08:00] Interface description end
[2026-06-25T15:59:26.391+08:00] Uploading test info to server
[2026-06-25T15:59:26.391+08:00] UploadTestInfoToServer end
[2026-06-25T15:59:26.391+08:00] will get size
[2026-06-25T15:59:26.391+08:00] size: 1280x720
[2026-06-25T15:59:26.427+08:00] will get screenshot dimensions
[2026-06-25T15:59:26.456+08:00] screenshot dimensions 1280 x 720
[2026-06-25T15:59:26.456+08:00] calculated dpr: 1
[2026-06-25T15:59:26.456+08:00] shrunkShotToLogicalRatio 1
[2026-06-25T15:59:26.481+08:00] Getting interface description
[2026-06-25T15:59:26.481+08:00] Interface description end
[2026-06-25T15:59:26.481+08:00] Uploading test info to server
[2026-06-25T15:59:26.481+08:00] UploadTestInfoToServer end
[2026-06-25T15:59:26.481+08:00] will get size
[2026-06-25T15:59:26.481+08:00] size: 1280x720
[2026-06-25T15:59:26.511+08:00] will get screenshot dimensions
[2026-06-25T15:59:26.539+08:00] screenshot dimensions 1280 x 720
[2026-06-25T15:59:26.540+08:00] calculated dpr: 1
[2026-06-25T15:59:26.540+08:00] shrunkShotToLogicalRatio 1
[2026-06-25T15:59:31.350+08:00] Getting interface description
[2026-06-25T15:59:31.350+08:00] Interface description end
[2026-06-25T15:59:31.350+08:00] Uploading test info to server
[2026-06-25T15:59:31.350+08:00] UploadTestInfoToServer end
[2026-06-25T15:59:31.350+08:00] will get size
[2026-06-25T15:59:31.350+08:00] size: 1280x720
[2026-06-25T15:59:31.394+08:00] will get screenshot dimensions
[2026-06-25T15:59:31.427+08:00] screenshot dimensions 1280 x 720
[2026-06-25T15:59:31.427+08:00] calculated dpr: 1
[2026-06-25T15:59:31.427+08:00] shrunkShotToLogicalRatio 1
