[2026-06-16T20:22:28.360+08:00] evaluate function begin
[2026-06-16T20:22:28.396+08:00] evaluate function end
[2026-06-16T20:22:28.396+08:00] screenshotBase64 begin
[2026-06-16T20:22:28.457+08:00] screenshotBase64 end, cost: 61ms
[2026-06-16T20:22:34.136+08:00] screenshotBase64 begin
[2026-06-16T20:22:34.179+08:00] screenshotBase64 end, cost: 43ms
[2026-06-16T20:22:34.433+08:00] mouse move to 1002, 293
[2026-06-16T20:22:34.450+08:00] mouse click 1002, 293, left, 1
[2026-06-16T20:22:34.761+08:00] waitForNavigation begin at moment afterInvokeAction with timeout: 5000 and actionName: Tap
[2026-06-16T20:22:34.764+08:00] [midscene:warning] waitForNetworkIdle is skipped for Playwright. Playwright does not provide an equivalent underlying capability for the intended post-action network idle behavior here.
[2026-06-16T20:22:34.790+08:00] waitForNavigation end
[2026-06-16T20:22:34.790+08:00] screenshotBase64 begin
[2026-06-16T20:22:34.841+08:00] screenshotBase64 end, cost: 51ms
[2026-06-16T20:22:38.495+08:00] screenshotBase64 begin
[2026-06-16T20:22:38.537+08:00] screenshotBase64 end, cost: 42ms
[2026-06-16T20:22:38.783+08:00] clearInput begin
[2026-06-16T20:22:38.783+08:00] mouse move to 1002, 293
[2026-06-16T20:22:38.785+08:00] mouse click 1002, 293, left, 1
[2026-06-16T20:22:38.899+08:00] keyboard press [ { key: 'Backspace' } ]
[2026-06-16T20:22:38.906+08:00] clearInput end
[2026-06-16T20:22:38.907+08:00] evaluate function begin
[2026-06-16T20:22:39.424+08:00] evaluate function end
[2026-06-16T20:22:39.425+08:00] keyboard type 13777777777
[2026-06-16T20:22:39.874+08:00] waitForNavigation begin at moment afterInvokeAction with timeout: 5000 and actionName: Input
[2026-06-16T20:22:39.885+08:00] waitForNavigation end
[2026-06-16T20:22:39.885+08:00] screenshotBase64 begin
[2026-06-16T20:22:39.940+08:00] screenshotBase64 end, cost: 55ms
[2026-06-16T20:22:44.181+08:00] screenshotBase64 begin
[2026-06-16T20:22:44.221+08:00] screenshotBase64 end, cost: 40ms
[2026-06-16T20:22:44.250+08:00] screenshotBase64 begin
[2026-06-16T20:22:44.302+08:00] screenshotBase64 end, cost: 52ms
[2026-06-16T20:24:02.352+08:00] evaluate function begin
[2026-06-16T20:24:02.395+08:00] evaluate function end
[2026-06-16T20:24:02.395+08:00] screenshotBase64 begin
[2026-06-16T20:24:02.467+08:00] screenshotBase64 end, cost: 72ms
[2026-06-16T20:24:09.066+08:00] screenshotBase64 begin
[2026-06-16T20:24:09.109+08:00] screenshotBase64 end, cost: 43ms
[2026-06-16T20:24:09.357+08:00] mouse move to 988, 291
[2026-06-16T20:24:09.368+08:00] mouse click 988, 291, left, 1
[2026-06-16T20:24:09.682+08:00] waitForNavigation begin at moment afterInvokeAction with timeout: 5000 and actionName: Tap
[2026-06-16T20:24:09.685+08:00] [midscene:warning] waitForNetworkIdle is skipped for Playwright. Playwright does not provide an equivalent underlying capability for the intended post-action network idle behavior here.
[2026-06-16T20:24:09.707+08:00] waitForNavigation end
[2026-06-16T20:24:09.707+08:00] screenshotBase64 begin
[2026-06-16T20:24:09.770+08:00] screenshotBase64 end, cost: 63ms
[2026-06-16T20:24:14.366+08:00] screenshotBase64 begin
[2026-06-16T20:24:14.409+08:00] screenshotBase64 end, cost: 43ms
[2026-06-16T20:24:14.657+08:00] clearInput begin
[2026-06-16T20:24:14.657+08:00] mouse move to 988, 291
[2026-06-16T20:24:14.660+08:00] mouse click 988, 291, left, 1
[2026-06-16T20:24:14.774+08:00] keyboard press [ { key: 'Backspace' } ]
[2026-06-16T20:24:14.777+08:00] clearInput end
[2026-06-16T20:24:14.777+08:00] evaluate function begin
[2026-06-16T20:24:15.282+08:00] evaluate function end
[2026-06-16T20:24:15.282+08:00] keyboard type 13777777777
[2026-06-16T20:24:15.715+08:00] waitForNavigation begin at moment afterInvokeAction with timeout: 5000 and actionName: Input
[2026-06-16T20:24:15.720+08:00] waitForNavigation end
[2026-06-16T20:24:15.720+08:00] screenshotBase64 begin
[2026-06-16T20:24:15.761+08:00] screenshotBase64 end, cost: 41ms
[2026-06-16T20:24:18.585+08:00] screenshotBase64 begin
[2026-06-16T20:24:18.620+08:00] screenshotBase64 end, cost: 35ms
[2026-06-16T20:24:18.652+08:00] screenshotBase64 begin
[2026-06-16T20:24:18.700+08:00] screenshotBase64 end, cost: 48ms
[2026-06-16T20:28:20.146+08:00] evaluate function begin
[2026-06-16T20:33:55.108+08:00] evaluate function begin
[2026-06-16T20:34:17.119+08:00] evaluate function begin
[2026-06-16T20:34:17.125+08:00] evaluate function end
[2026-06-16T20:34:17.125+08:00] screenshotBase64 begin
[2026-06-16T20:34:17.176+08:00] screenshotBase64 end, cost: 51ms
[2026-06-16T20:34:20.003+08:00] screenshotBase64 begin
[2026-06-16T20:34:20.032+08:00] screenshotBase64 end, cost: 29ms
[2026-06-16T20:34:20.086+08:00] screenshotBase64 begin
[2026-06-16T20:34:20.115+08:00] screenshotBase64 end, cost: 29ms
[2026-06-16T20:34:22.748+08:00] screenshotBase64 begin
[2026-06-16T20:34:22.785+08:00] screenshotBase64 end, cost: 37ms
[2026-06-16T20:34:23.611+08:00] waitForNavigation begin at moment afterInvokeAction with timeout: 5000 and actionName: Sleep
[2026-06-16T20:34:23.621+08:00] [midscene:warning] waitForNetworkIdle is skipped for Playwright. Playwright does not provide an equivalent underlying capability for the intended post-action network idle behavior here.
[2026-06-16T20:34:23.640+08:00] waitForNavigation end
[2026-06-16T20:34:23.640+08:00] screenshotBase64 begin
[2026-06-16T20:34:23.702+08:00] screenshotBase64 end, cost: 62ms
[2026-06-16T20:50:47.118+08:00] evaluate function begin
[2026-06-16T20:50:49.019+08:00] evaluate function begin
[2026-06-16T20:50:49.029+08:00] evaluate function end
[2026-06-16T20:50:49.029+08:00] screenshotBase64 begin
[2026-06-16T20:50:49.117+08:00] screenshotBase64 end, cost: 88ms
[2026-06-16T20:51:01.794+08:00] screenshotBase64 begin
[2026-06-16T20:51:01.840+08:00] screenshotBase64 end, cost: 46ms
[2026-06-16T20:51:01.872+08:00] screenshotBase64 begin
[2026-06-16T20:51:01.910+08:00] screenshotBase64 end, cost: 38ms
[2026-06-16T20:51:05.270+08:00] screenshotBase64 begin
[2026-06-16T20:51:05.310+08:00] screenshotBase64 end, cost: 40ms
[2026-06-16T20:51:05.336+08:00] screenshotBase64 begin
[2026-06-16T20:51:05.381+08:00] screenshotBase64 end, cost: 45ms
[2026-06-16T20:51:08.550+08:00] screenshotBase64 begin
[2026-06-16T20:51:08.598+08:00] screenshotBase64 end, cost: 47ms
[2026-06-16T20:53:53.256+08:00] evaluate function begin
[2026-06-16T20:53:54.834+08:00] evaluate function begin
[2026-06-16T20:53:54.839+08:00] evaluate function end
[2026-06-16T20:53:54.840+08:00] screenshotBase64 begin
[2026-06-16T20:53:54.917+08:00] screenshotBase64 end, cost: 77ms
[2026-06-16T20:53:59.298+08:00] screenshotBase64 begin
[2026-06-16T20:53:59.348+08:00] screenshotBase64 end, cost: 50ms
[2026-06-16T20:53:59.373+08:00] screenshotBase64 begin
[2026-06-16T20:53:59.410+08:00] screenshotBase64 end, cost: 37ms
[2026-06-16T20:54:03.609+08:00] screenshotBase64 begin
[2026-06-16T20:54:03.659+08:00] screenshotBase64 end, cost: 50ms
[2026-06-16T20:54:03.686+08:00] screenshotBase64 begin
[2026-06-16T20:54:03.730+08:00] screenshotBase64 end, cost: 44ms
[2026-06-16T20:54:07.833+08:00] screenshotBase64 begin
[2026-06-16T20:54:07.876+08:00] screenshotBase64 end, cost: 43ms
[2026-06-16T20:54:07.901+08:00] screenshotBase64 begin
[2026-06-16T20:54:07.943+08:00] screenshotBase64 end, cost: 42ms
[2026-06-16T20:54:12.253+08:00] screenshotBase64 begin
[2026-06-16T20:54:12.288+08:00] screenshotBase64 end, cost: 35ms
[2026-06-16T20:54:12.315+08:00] screenshotBase64 begin
[2026-06-16T20:54:12.356+08:00] screenshotBase64 end, cost: 41ms
[2026-06-16T20:54:16.704+08:00] screenshotBase64 begin
[2026-06-16T20:54:16.758+08:00] screenshotBase64 end, cost: 54ms
[2026-06-16T20:56:04.471+08:00] evaluate function begin
[2026-06-16T20:56:06.047+08:00] evaluate function begin
[2026-06-16T20:56:06.053+08:00] evaluate function end
[2026-06-16T20:56:06.054+08:00] screenshotBase64 begin
[2026-06-16T20:56:06.110+08:00] screenshotBase64 end, cost: 56ms
[2026-06-16T20:56:13.575+08:00] screenshotBase64 begin
[2026-06-16T20:56:13.808+08:00] screenshotBase64 end, cost: 233ms
[2026-06-16T20:56:13.847+08:00] screenshotBase64 begin
[2026-06-16T20:56:13.892+08:00] screenshotBase64 end, cost: 45ms
[2026-06-16T20:56:17.048+08:00] screenshotBase64 begin
[2026-06-16T20:56:17.093+08:00] screenshotBase64 end, cost: 45ms
[2026-06-16T20:56:17.123+08:00] screenshotBase64 begin
[2026-06-16T20:56:17.165+08:00] screenshotBase64 end, cost: 42ms
[2026-06-16T20:56:19.900+08:00] screenshotBase64 begin
[2026-06-16T20:56:19.937+08:00] screenshotBase64 end, cost: 37ms
[2026-06-16T20:56:20.644+08:00] waitForNavigation begin at moment afterInvokeAction with timeout: 5000 and actionName: Sleep
[2026-06-16T20:56:20.650+08:00] [midscene:warning] waitForNetworkIdle is skipped for Playwright. Playwright does not provide an equivalent underlying capability for the intended post-action network idle behavior here.
[2026-06-16T20:56:20.666+08:00] waitForNavigation end
[2026-06-16T20:56:20.666+08:00] screenshotBase64 begin
[2026-06-16T20:56:20.727+08:00] screenshotBase64 end, cost: 61ms
[2026-06-16T20:56:20.757+08:00] screenshotBase64 begin
[2026-06-16T20:56:20.791+08:00] screenshotBase64 end, cost: 34ms
[2026-06-16T20:56:24.583+08:00] screenshotBase64 begin
[2026-06-16T20:56:24.621+08:00] screenshotBase64 end, cost: 38ms
[2026-06-16T20:57:52.040+08:00] evaluate function begin
[2026-06-16T20:57:52.071+08:00] evaluate function end
[2026-06-16T20:57:52.071+08:00] screenshotBase64 begin
[2026-06-16T20:57:52.397+08:00] screenshotBase64 end, cost: 326ms
[2026-06-16T20:57:54.617+08:00] screenshotBase64 begin
[2026-06-16T20:57:54.653+08:00] screenshotBase64 end, cost: 36ms
[2026-06-16T20:57:55.533+08:00] waitForNavigation begin at moment afterInvokeAction with timeout: 5000 and actionName: Sleep
[2026-06-16T20:57:55.538+08:00] [midscene:warning] waitForNetworkIdle is skipped for Playwright. Playwright does not provide an equivalent underlying capability for the intended post-action network idle behavior here.
[2026-06-16T20:57:55.565+08:00] waitForNavigation end
[2026-06-16T20:57:55.565+08:00] screenshotBase64 begin
[2026-06-16T20:57:55.606+08:00] screenshotBase64 end, cost: 41ms
[2026-06-16T20:57:55.632+08:00] screenshotBase64 begin
[2026-06-16T20:57:55.654+08:00] screenshotBase64 end, cost: 22ms
[2026-06-16T20:57:59.683+08:00] screenshotBase64 begin
[2026-06-16T20:57:59.705+08:00] screenshotBase64 end, cost: 23ms
[2026-06-16T20:57:59.733+08:00] screenshotBase64 begin
[2026-06-16T20:57:59.757+08:00] screenshotBase64 end, cost: 24ms
[2026-06-16T20:58:03.876+08:00] screenshotBase64 begin
[2026-06-16T20:58:03.906+08:00] screenshotBase64 end, cost: 30ms
[2026-06-16T20:58:03.932+08:00] screenshotBase64 begin
[2026-06-16T20:58:03.958+08:00] screenshotBase64 end, cost: 26ms
[2026-06-16T20:58:06.461+08:00] screenshotBase64 begin
[2026-06-16T20:58:06.494+08:00] screenshotBase64 end, cost: 33ms
[2026-06-16T20:58:07.443+08:00] waitForNavigation begin at moment afterInvokeAction with timeout: 5000 and actionName: Sleep
[2026-06-16T20:58:07.451+08:00] waitForNavigation end
[2026-06-16T20:58:07.451+08:00] screenshotBase64 begin
[2026-06-16T20:58:07.473+08:00] screenshotBase64 end, cost: 22ms
[2026-06-16T20:58:07.506+08:00] screenshotBase64 begin
[2026-06-16T20:58:07.539+08:00] screenshotBase64 end, cost: 33ms
[2026-06-16T20:58:10.637+08:00] screenshotBase64 begin
[2026-06-16T20:58:10.679+08:00] screenshotBase64 end, cost: 42ms
[2026-06-16T20:58:25.444+08:00] evaluate function begin
[2026-06-16T20:58:25.477+08:00] evaluate function end
[2026-06-16T20:58:25.477+08:00] screenshotBase64 begin
[2026-06-16T20:58:25.588+08:00] screenshotBase64 end, cost: 111ms
[2026-06-16T20:58:28.413+08:00] screenshotBase64 begin
[2026-06-16T20:58:28.470+08:00] screenshotBase64 end, cost: 57ms
[2026-06-16T20:58:28.508+08:00] screenshotBase64 begin
[2026-06-16T20:58:28.548+08:00] screenshotBase64 end, cost: 40ms
[2026-06-16T20:58:31.865+08:00] screenshotBase64 begin
[2026-06-16T20:58:31.909+08:00] screenshotBase64 end, cost: 43ms
[2026-06-16T20:58:31.941+08:00] screenshotBase64 begin
[2026-06-16T20:58:31.979+08:00] screenshotBase64 end, cost: 38ms
[2026-06-16T20:58:41.127+08:00] screenshotBase64 begin
[2026-06-16T20:58:41.172+08:00] screenshotBase64 end, cost: 45ms
[2026-06-16T20:58:41.203+08:00] screenshotBase64 begin
[2026-06-16T20:58:41.240+08:00] screenshotBase64 end, cost: 37ms
[2026-06-16T20:58:51.952+08:00] screenshotBase64 begin
[2026-06-16T20:58:52.002+08:00] screenshotBase64 end, cost: 50ms
[2026-06-16T20:59:47.403+08:00] evaluate function begin
[2026-06-16T20:59:47.450+08:00] evaluate function end
[2026-06-16T20:59:47.450+08:00] screenshotBase64 begin
[2026-06-16T20:59:47.530+08:00] screenshotBase64 end, cost: 80ms
[2026-06-16T20:59:50.440+08:00] screenshotBase64 begin
[2026-06-16T20:59:50.489+08:00] screenshotBase64 end, cost: 49ms
[2026-06-16T20:59:50.517+08:00] screenshotBase64 begin
[2026-06-16T20:59:50.560+08:00] screenshotBase64 end, cost: 43ms
[2026-06-16T20:59:53.627+08:00] screenshotBase64 begin
[2026-06-16T20:59:53.669+08:00] screenshotBase64 end, cost: 42ms
[2026-06-16T20:59:53.695+08:00] screenshotBase64 begin
[2026-06-16T20:59:53.731+08:00] screenshotBase64 end, cost: 36ms
[2026-06-16T20:59:56.678+08:00] screenshotBase64 begin
[2026-06-16T20:59:56.729+08:00] screenshotBase64 end, cost: 51ms
